<?xml version="1.0" encoding="UTF-8"?>
<!-- Generated by org.testng.reporters.JUnitReportReporter -->
<testsuite hostname="DESKTOP-D0UG65H" failures="0" tests="4" name="practiceMaven.FbDataProvider" time="31.442" errors="0" timestamp="2021-11-13T23:30:57 IST" skipped="0">
  <testcase classname="practiceMaven.FbDataProvider" name="launchApp" time="0.876"/>
  <system-out/>
  <testcase classname="practiceMaven.FbDataProvider" name="LoginDetails" time="10.185"/>
  <system-out/>
  <testcase classname="practiceMaven.FbDataProvider" name="LoginDetails" time="10.182"/>
  <system-out/>
  <testcase classname="practiceMaven.FbDataProvider" name="LoginDetails" time="10.199"/>
  <system-out/>
</testsuite> <!-- practiceMaven.FbDataProvider -->
